#
# There is insufficient memory for the Java Runtime Environment to continue.
# Native memory allocation (malloc) failed to allocate 958896 bytes for Chunk::new
# Possible reasons:
#   The system is out of physical RAM or swap space
#   The process is running with CompressedOops enabled, and the Java Heap may be blocking the growth of the native heap
# Possible solutions:
#   Reduce memory load on the system
#   Increase physical memory or swap space
#   Check if swap backing store is full
#   Decrease Java heap size (-Xmx/-Xms)
#   Decrease number of Java threads
#   Decrease Java thread stack sizes (-Xss)
#   Set larger code cache with -XX:ReservedCodeCacheSize=
#   JVM is running with Unscaled Compressed Oops mode in which the Java heap is
#     placed in the first 4GB address space. The Java Heap base address is the
#     maximum limit for the native heap growth. Please use -XX:HeapBaseMinAddress
#     to set the Java Heap base and to place the Java Heap above 4GB virtual address.
# This output file may be truncated or incomplete.
#
#  Out of Memory Error (allocation.cpp:389), pid=6044, tid=0x0000000000000cac
#
# JRE version: OpenJDK Runtime Environment (8.0_242-b01) (build 1.8.0_242-release-1644-b01)
# Java VM: OpenJDK 64-Bit Server VM (25.242-b01 mixed mode windows-amd64 compressed oops)
# Failed to write core dump. Minidumps are not enabled by default on client versions of Windows
#

---------------  T H R E A D  ---------------

Current thread (0x00000000163e5000):  JavaThread "C2 CompilerThread0" daemon [_thread_in_native, id=3244, stack(0x0000000017a30000,0x0000000017b30000)]

Stack: [0x0000000017a30000,0x0000000017b30000]
[error occurred during error reporting (printing stack bounds), id 0xc0000005]

Native frames: (J=compiled Java code, j=interpreted, Vv=VM code, C=native code)


Current CompileTask:
C2:1820311 13125 %     4       com.google.common.collect.SparseImmutableTable::<init> @ 71 (468 bytes)


---------------  P R O C E S S  ---------------

Java Threads: ( => current thread )
  0x0000000027fc2800 JavaThread "stdout" [_thread_in_native, id=10192, stack(0x000000002cc60000,0x000000002cd60000)]
  0x0000000027fbb000 JavaThread "stderr" [_thread_in_native, id=4912, stack(0x000000002cb60000,0x000000002cc60000)]
  0x0000000027fc1800 JavaThread "stdout" [_thread_in_native, id=4732, stack(0x000000002ca60000,0x000000002cb60000)]
  0x0000000027fba000 JavaThread "stderr" [_thread_in_native, id=8968, stack(0x000000002c960000,0x000000002ca60000)]
  0x0000000027fc1000 JavaThread "stdout" [_thread_in_native, id=8004, stack(0x000000002c860000,0x000000002c960000)]
  0x0000000027fb9800 JavaThread "stderr" [_thread_in_native, id=2368, stack(0x000000002c760000,0x000000002c860000)]
  0x0000000027fbb800 JavaThread "stdout" [_thread_in_native, id=8092, stack(0x000000002c660000,0x000000002c760000)]
  0x0000000027fc0000 JavaThread "stderr" [_thread_in_native, id=4432, stack(0x000000002c560000,0x000000002c660000)]
  0x0000000027fbf800 JavaThread "pool-4-thread-1" [_thread_blocked, id=7548, stack(0x000000002c360000,0x000000002c460000)]
  0x0000000027fbd000 JavaThread "WorkerExecutor Queue Thread 4" [_thread_blocked, id=7920, stack(0x000000002c260000,0x000000002c360000)]
  0x0000000027fbe800 JavaThread "WorkerExecutor Queue Thread 3" [_thread_blocked, id=996, stack(0x000000002c160000,0x000000002c260000)]
  0x00000000190d6800 JavaThread "WorkerExecutor Queue Thread 2" [_thread_blocked, id=9652, stack(0x000000002c060000,0x000000002c160000)]
  0x00000000190d6000 JavaThread "WorkerExecutor Queue" [_thread_in_Java, id=2640, stack(0x000000002bf60000,0x000000002c060000)]
  0x00000000190d3800 JavaThread "Cache worker for execution history cache (D:\AgamiShop\.gradle\6.5\executionHistory)" [_thread_blocked, id=8168, stack(0x000000002bc60000,0x000000002bd60000)]
  0x00000000190d3000 JavaThread "Execution worker for ':' Thread 3" [_thread_blocked, id=2636, stack(0x000000002bb60000,0x000000002bc60000)]
  0x00000000190cd000 JavaThread "Execution worker for ':' Thread 2" [_thread_blocked, id=9224, stack(0x000000002ac00000,0x000000002ad00000)]
  0x00000000190cb800 JavaThread "Execution worker for ':'" [_thread_blocked, id=3668, stack(0x000000002ab00000,0x000000002ac00000)]
  0x00000000190d1800 JavaThread "Cache worker for file content cache (D:\AgamiShop\.gradle\6.5\fileContent)" [_thread_blocked, id=9996, stack(0x0000000027470000,0x0000000027570000)]
  0x00000000190d0800 JavaThread "pool-3-thread-1" [_thread_blocked, id=9776, stack(0x00000000270b0000,0x00000000271b0000)]
  0x00000000190cd800 JavaThread "Cache worker for Build Output Cleanup Cache (D:\AgamiShop\.gradle\buildOutputCleanup)" [_thread_blocked, id=3560, stack(0x0000000026fb0000,0x00000000270b0000)]
  0x00000000190d2000 JavaThread "jar transforms Thread 188" [_thread_blocked, id=32, stack(0x0000000026eb0000,0x0000000026fb0000)]
  0x00000000190d0000 JavaThread "jar transforms Thread 187" [_thread_blocked, id=3736, stack(0x0000000026db0000,0x0000000026eb0000)]
  0x00000000190ca000 JavaThread "jar transforms Thread 186" [_thread_blocked, id=8836, stack(0x0000000026cb0000,0x0000000026db0000)]
  0x00000000190ca800 JavaThread "jar transforms Thread 185" [_thread_blocked, id=2920, stack(0x0000000026bb0000,0x0000000026cb0000)]
  0x00000000190c8800 JavaThread "jar transforms Thread 184" [_thread_blocked, id=10228, stack(0x0000000026ab0000,0x0000000026bb0000)]
  0x00000000190cc000 JavaThread "jar transforms Thread 183" [_thread_blocked, id=8572, stack(0x00000000269b0000,0x0000000026ab0000)]
  0x00000000190cf000 JavaThread "jar transforms Thread 182" [_thread_blocked, id=8300, stack(0x00000000268b0000,0x00000000269b0000)]
  0x00000000190c7800 JavaThread "jar transforms Thread 181" [_thread_blocked, id=4424, stack(0x00000000267b0000,0x00000000268b0000)]
  0x00000000190c9000 JavaThread "jar transforms Thread 180" [_thread_blocked, id=3208, stack(0x00000000266b0000,0x00000000267b0000)]
  0x000000001d9f5800 JavaThread "jar transforms Thread 179" [_thread_blocked, id=10164, stack(0x00000000265b0000,0x00000000266b0000)]
  0x000000001d9f1000 JavaThread "jar transforms Thread 178" [_thread_blocked, id=7872, stack(0x00000000264b0000,0x00000000265b0000)]
  0x000000001d9f3000 JavaThread "jar transforms Thread 177" [_thread_blocked, id=8480, stack(0x00000000263b0000,0x00000000264b0000)]
  0x000000001d9f0000 JavaThread "jar transforms Thread 176" [_thread_blocked, id=2136, stack(0x00000000262b0000,0x00000000263b0000)]
  0x000000001d9ef800 JavaThread "jar transforms Thread 175" [_thread_blocked, id=9196, stack(0x00000000261b0000,0x00000000262b0000)]
  0x000000001d9f1800 JavaThread "jar transforms Thread 174" [_thread_blocked, id=5688, stack(0x00000000260b0000,0x00000000261b0000)]
  0x000000001d9f4800 JavaThread "jar transforms Thread 173" [_thread_blocked, id=9040, stack(0x0000000025fb0000,0x00000000260b0000)]
  0x000000001d9ee000 JavaThread "jar transforms Thread 172" [_thread_blocked, id=10220, stack(0x0000000025eb0000,0x0000000025fb0000)]
  0x000000001d9f4000 JavaThread "jar transforms Thread 171" [_thread_blocked, id=7976, stack(0x0000000025db0000,0x0000000025eb0000)]
  0x000000001d9f2800 JavaThread "jar transforms Thread 170" [_thread_blocked, id=9960, stack(0x0000000025cb0000,0x0000000025db0000)]
  0x000000001d9e6800 JavaThread "jar transforms Thread 169" [_thread_blocked, id=6516, stack(0x0000000025bb0000,0x0000000025cb0000)]
  0x000000001d9ed000 JavaThread "jar transforms Thread 168" [_thread_blocked, id=6132, stack(0x0000000025ab0000,0x0000000025bb0000)]
  0x000000001d9ec800 JavaThread "jar transforms Thread 167" [_thread_blocked, id=1636, stack(0x00000000259b0000,0x0000000025ab0000)]
  0x000000001d9eb800 JavaThread "jar transforms Thread 166" [_thread_blocked, id=2720, stack(0x0000000023c70000,0x0000000023d70000)]
  0x000000001d9ea000 JavaThread "jar transforms Thread 165" [_thread_blocked, id=2444, stack(0x00000000258b0000,0x00000000259b0000)]
  0x000000001d9e9800 JavaThread "jar transforms Thread 164" [_thread_blocked, id=9660, stack(0x00000000257b0000,0x00000000258b0000)]
  0x000000001d9e8000 JavaThread "jar transforms Thread 163" [_thread_blocked, id=4676, stack(0x00000000256b0000,0x00000000257b0000)]
  0x000000001d9eb000 JavaThread "jar transforms Thread 162" [_thread_blocked, id=4988, stack(0x00000000255b0000,0x00000000256b0000)]
  0x000000001d9e7000 JavaThread "jar transforms Thread 161" [_thread_blocked, id=740, stack(0x00000000254b0000,0x00000000255b0000)]
  0x000000001d9e8800 JavaThread "jar transforms Thread 160" [_thread_blocked, id=10236, stack(0x00000000253b0000,0x00000000254b0000)]
  0x0000000027ff7000 JavaThread "jar transforms Thread 159" [_thread_blocked, id=9108, stack(0x00000000252b0000,0x00000000253b0000)]
  0x0000000027ff6000 JavaThread "jar transforms Thread 158" [_thread_blocked, id=9856, stack(0x00000000251b0000,0x00000000252b0000)]
  0x0000000027ff5800 JavaThread "jar transforms Thread 157" [_thread_blocked, id=6756, stack(0x00000000250b0000,0x00000000251b0000)]
  0x0000000027ff4800 JavaThread "jar transforms Thread 156" [_thread_blocked, id=5716, stack(0x0000000024fb0000,0x00000000250b0000)]
  0x0000000027ff4000 JavaThread "jar transforms Thread 155" [_thread_blocked, id=8264, stack(0x0000000024eb0000,0x0000000024fb0000)]
  0x0000000027ff3000 JavaThread "jar transforms Thread 154" [_thread_blocked, id=9396, stack(0x0000000024db0000,0x0000000024eb0000)]
  0x0000000027feb800 JavaThread "jar transforms Thread 153" [_thread_blocked, id=7328, stack(0x0000000024cb0000,0x0000000024db0000)]
  0x0000000027fee800 JavaThread "jar transforms Thread 152" [_thread_blocked, id=4020, stack(0x0000000024bb0000,0x0000000024cb0000)]
  0x0000000027ff2800 JavaThread "jar transforms Thread 151" [_thread_blocked, id=9236, stack(0x0000000024ab0000,0x0000000024bb0000)]
  0x0000000027feb000 JavaThread "jar transforms Thread 150" [_thread_blocked, id=8900, stack(0x00000000249b0000,0x0000000024ab0000)]
  0x0000000027fee000 JavaThread "jar transforms Thread 149" [_thread_blocked, id=7832, stack(0x00000000248b0000,0x00000000249b0000)]
  0x0000000027ff1800 JavaThread "jar transforms Thread 148" [_thread_blocked, id=1864, stack(0x00000000247b0000,0x00000000248b0000)]
  0x0000000027fea000 JavaThread "jar transforms Thread 147" [_thread_blocked, id=9556, stack(0x00000000246b0000,0x00000000247b0000)]
  0x0000000027ff1000 JavaThread "jar transforms Thread 146" [_thread_blocked, id=4628, stack(0x00000000245b0000,0x00000000246b0000)]
  0x0000000027fed000 JavaThread "jar transforms Thread 145" [_thread_blocked, id=8788, stack(0x00000000244b0000,0x00000000245b0000)]
  0x0000000027fef800 JavaThread "jar transforms Thread 144" [_thread_blocked, id=8, stack(0x00000000243b0000,0x00000000244b0000)]
  0x0000000027fe9800 JavaThread "jar transforms Thread 143" [_thread_blocked, id=6020, stack(0x00000000242b0000,0x00000000243b0000)]
  0x0000000027ff0000 JavaThread "jar transforms Thread 142" [_thread_blocked, id=744, stack(0x00000000241b0000,0x00000000242b0000)]
  0x0000000027fe8800 JavaThread "jar transforms Thread 141" [_thread_blocked, id=7016, stack(0x00000000240b0000,0x00000000241b0000)]
  0x0000000027fe8000 JavaThread "jar transforms Thread 140" [_thread_blocked, id=5312, stack(0x0000000023fb0000,0x00000000240b0000)]
  0x0000000027fec800 JavaThread "jar transforms Thread 139" [_thread_blocked, id=2340, stack(0x0000000023eb0000,0x0000000023fb0000)]
  0x0000000019103800 JavaThread "jar transforms Thread 138" [_thread_blocked, id=9292, stack(0x0000000023db0000,0x0000000023eb0000)]
  0x0000000019102000 JavaThread "jar transforms Thread 137" [_thread_blocked, id=480, stack(0x000000001fe60000,0x000000001ff60000)]
  0x00000000190ff000 JavaThread "jar transforms Thread 136" [_thread_blocked, id=868, stack(0x0000000023b70000,0x0000000023c70000)]
  0x0000000019103000 JavaThread "jar transforms Thread 135" [_thread_blocked, id=9092, stack(0x0000000023a70000,0x0000000023b70000)]
  0x00000000190fd800 JavaThread "jar transforms Thread 134" [_thread_blocked, id=4012, stack(0x0000000023970000,0x0000000023a70000)]
  0x0000000019101800 JavaThread "jar transforms Thread 133" [_thread_blocked, id=5604, stack(0x0000000023870000,0x0000000023970000)]
  0x0000000019100800 JavaThread "jar transforms Thread 132" [_thread_blocked, id=3792, stack(0x0000000023770000,0x0000000023870000)]
  0x00000000190fe800 JavaThread "jar transforms Thread 131" [_thread_blocked, id=4088, stack(0x0000000023670000,0x0000000023770000)]
  0x0000000019100000 JavaThread "jar transforms Thread 130" [_thread_blocked, id=9476, stack(0x0000000023570000,0x0000000023670000)]
  0x00000000190f6000 JavaThread "jar transforms Thread 129" [_thread_blocked, id=924, stack(0x0000000023470000,0x0000000023570000)]
  0x00000000190fd000 JavaThread "jar transforms Thread 128" [_thread_blocked, id=7584, stack(0x0000000023370000,0x0000000023470000)]
  0x00000000190f7000 JavaThread "jar transforms Thread 127" [_thread_blocked, id=1428, stack(0x0000000023270000,0x0000000023370000)]
  0x00000000190fc000 JavaThread "jar transforms Thread 126" [_thread_blocked, id=1532, stack(0x0000000023170000,0x0000000023270000)]
  0x00000000190f5800 JavaThread "jar transforms Thread 125" [_thread_blocked, id=4264, stack(0x0000000023070000,0x0000000023170000)]
  0x00000000190fa000 JavaThread "jar transforms Thread 124" [_thread_blocked, id=7280, stack(0x0000000022f70000,0x0000000023070000)]
  0x00000000190f9000 JavaThread "jar transforms Thread 123" [_thread_blocked, id=8040, stack(0x0000000022e70000,0x0000000022f70000)]
  0x00000000190fb800 JavaThread "jar transforms Thread 122" [_thread_blocked, id=3580, stack(0x0000000022d70000,0x0000000022e70000)]
  0x00000000190fa800 JavaThread "jar transforms Thread 121" [_thread_blocked, id=104, stack(0x0000000022c70000,0x0000000022d70000)]
  0x00000000190f4800 JavaThread "jar transforms Thread 120" [_thread_blocked, id=9732, stack(0x0000000022b70000,0x0000000022c70000)]
  0x00000000190f7800 JavaThread "jar transforms Thread 119" [_thread_blocked, id=9480, stack(0x0000000022a70000,0x0000000022b70000)]
  0x00000000190f8800 JavaThread "jar transforms Thread 118" [_thread_blocked, id=9428, stack(0x0000000022970000,0x0000000022a70000)]
  0x000000001a05e000 JavaThread "jar transforms Thread 117" [_thread_blocked, id=1572, stack(0x0000000022060000,0x0000000022160000)]
  0x000000001a05c800 JavaThread "jar transforms Thread 116" [_thread_blocked, id=236, stack(0x0000000021760000,0x0000000021860000)]
  0x000000001a059800 JavaThread "jar transforms Thread 115" [_thread_blocked, id=7536, stack(0x0000000021660000,0x0000000021760000)]
  0x000000001a05b000 JavaThread "jar transforms Thread 114" [_thread_blocked, id=7232, stack(0x0000000021560000,0x0000000021660000)]
  0x000000001a059000 JavaThread "jar transforms Thread 113" [_thread_blocked, id=9932, stack(0x0000000021260000,0x0000000021360000)]
  0x000000001a05a800 JavaThread "jar transforms Thread 112" [_thread_blocked, id=3280, stack(0x0000000021160000,0x0000000021260000)]
  0x000000001a05d800 JavaThread "jar transforms Thread 111" [_thread_blocked, id=9268, stack(0x0000000021060000,0x0000000021160000)]
  0x000000001a05c000 JavaThread "jar transforms Thread 110" [_thread_blocked, id=7680, stack(0x0000000020f60000,0x0000000021060000)]
  0x000000001ebbe800 JavaThread "jar transforms Thread 109" [_thread_blocked, id=1432, stack(0x0000000020e60000,0x0000000020f60000)]
  0x000000001ebbe000 JavaThread "jar transforms Thread 108" [_thread_blocked, id=8600, stack(0x0000000020d60000,0x0000000020e60000)]
  0x000000001ebbd000 JavaThread "jar transforms Thread 107" [_thread_blocked, id=5124, stack(0x0000000020a70000,0x0000000020b70000)]
  0x000000001ebb6800 JavaThread "jar transforms Thread 106" [_thread_blocked, id=8468, stack(0x0000000020970000,0x0000000020a70000)]
  0x000000001ebbc800 JavaThread "jar transforms Thread 105" [_thread_blocked, id=9880, stack(0x0000000020870000,0x0000000020970000)]
  0x000000001ebb5000 JavaThread "jar transforms Thread 104" [_thread_blocked, id=7192, stack(0x0000000020770000,0x0000000020870000)]
  0x000000001ebbb000 JavaThread "jar transforms Thread 103" [_thread_blocked, id=7300, stack(0x0000000020670000,0x0000000020770000)]
  0x000000001ebb9800 JavaThread "jar transforms Thread 102" [_thread_blocked, id=2272, stack(0x0000000020570000,0x0000000020670000)]
  0x000000001ebb1000 JavaThread "jar transforms Thread 101" [_thread_blocked, id=4360, stack(0x0000000020470000,0x0000000020570000)]
  0x000000001ebb4000 JavaThread "jar transforms Thread 100" [_thread_blocked, id=9512, stack(0x0000000020370000,0x0000000020470000)]
  0x000000001ebb5800 JavaThread "jar transforms Thread 99" [_thread_blocked, id=3364, stack(0x0000000020270000,0x0000000020370000)]
  0x000000001ebb2800 JavaThread "jar transforms Thread 98" [_thread_blocked, id=8432, stack(0x0000000020170000,0x0000000020270000)]
  0x000000001ebb2000 JavaThread "jar transforms Thread 97" [_thread_blocked, id=316, stack(0x0000000020070000,0x0000000020170000)]
  0x000000001ebb0800 JavaThread "jar transforms Thread 96" [_thread_blocked, id=5048, stack(0x000000001ff70000,0x0000000020070000)]
  0x000000001ebb7000 JavaThread "jar transforms Thread 95" [_thread_blocked, id=7756, stack(0x000000001fd60000,0x000000001fe60000)]
  0x000000001d62b000 JavaThread "Build operations Thread 4" [_thread_blocked, id=9624, stack(0x000000001fc60000,0x000000001fd60000)]
  0x000000001d62b800 JavaThread "Build operations Thread 3" [_thread_blocked, id=7812, stack(0x000000001fb60000,0x000000001fc60000)]
  0x000000001d62c800 JavaThread "Build operations Thread 2" [_thread_blocked, id=9580, stack(0x000000001fa60000,0x000000001fb60000)]
  0x000000001d62a000 JavaThread "Build operations" [_thread_blocked, id=6124, stack(0x000000001e8f0000,0x000000001e9f0000)]
  0x000000001d629800 JavaThread "Cache worker for cache directory md-rule (C:\Users\AgamiSoft\.gradle\caches\6.5\md-rule)" [_thread_blocked, id=3964, stack(0x000000001e7f0000,0x000000001e8f0000)]
  0x000000001d62e800 JavaThread "Cache worker for cache directory md-supplier (C:\Users\AgamiSoft\.gradle\caches\6.5\md-supplier)" [_thread_blocked, id=4636, stack(0x000000001be50000,0x000000001bf50000)]
  0x000000001d62e000 JavaThread "Cache worker for checksums cache (D:\AgamiShop\.gradle\checksums)" [_thread_blocked, id=8708, stack(0x000000001bb50000,0x000000001bc50000)]
  0x000000001d62d000 JavaThread "Cache worker for file hash cache (D:\AgamiShop\.gradle\6.5\fileHashes)" [_thread_blocked, id=10168, stack(0x000000001ba50000,0x000000001bb50000)]
  0x000000001d62f800 JavaThread "Thread-128" [_thread_blocked, id=9560, stack(0x000000001b950000,0x000000001ba50000)]
  0x000000001d622000 JavaThread "Stdin handler" [_thread_blocked, id=9576, stack(0x000000001b650000,0x000000001b750000)]
  0x000000001d628800 JavaThread "Asynchronous log dispatcher for DefaultDaemonConnection: socket connection from /127.0.0.1:49467 to /127.0.0.1:51517" [_thread_blocked, id=8940, stack(0x000000001b210000,0x000000001b310000)]
  0x000000001d621000 JavaThread "Daemon worker Thread 2" [_thread_blocked, id=640, stack(0x000000001b110000,0x000000001b210000)]
  0x000000001d622800 JavaThread "Cancel handler" [_thread_blocked, id=5000, stack(0x0000000000f00000,0x0000000001000000)]
  0x000000001d625800 JavaThread "Handler for socket connection from /127.0.0.1:49467 to /127.0.0.1:51517" [_thread_in_native, id=3692, stack(0x0000000000e00000,0x0000000000f00000)]
  0x000000001d628000 JavaThread "Daemon Thread 2" [_thread_blocked, id=8196, stack(0x0000000000d00000,0x0000000000e00000)]
  0x000000001ebb8000 JavaThread "Memory manager" [_thread_blocked, id=3288, stack(0x000000002a800000,0x000000002a900000)]
  0x000000001d623800 JavaThread "Cache worker for file content cache (C:\Users\AgamiSoft\.gradle\caches\6.5\fileContent)" [_thread_blocked, id=7752, stack(0x0000000021f60000,0x0000000022060000)]
  0x000000001d627000 JavaThread "Cache worker for execution history cache (C:\Users\AgamiSoft\.gradle\caches\6.5\executionHistory)" [_thread_blocked, id=7520, stack(0x0000000021a60000,0x0000000021b60000)]
  0x000000001a058000 JavaThread "Cache worker for file hash cache (C:\Users\AgamiSoft\.gradle\caches\6.5\fileHashes)" [_thread_blocked, id=3832, stack(0x000000001c350000,0x000000001c450000)]
  0x000000001a05f000 JavaThread "File lock request listener" [_thread_in_native, id=3536, stack(0x000000001c250000,0x000000001c350000)]
  0x0000000019fa6000 JavaThread "Cache worker for journal cache (C:\Users\AgamiSoft\.gradle\caches\journal-1)" [_thread_blocked, id=9348, stack(0x000000001c150000,0x000000001c250000)]
  0x0000000019f07800 JavaThread "Daemon periodic checks" [_thread_blocked, id=4288, stack(0x000000001b550000,0x000000001b650000)]
  0x0000000019e7c000 JavaThread "Incoming local TCP Connector on port 49467" [_thread_in_native, id=10092, stack(0x000000001b310000,0x000000001b410000)]
  0x0000000019db3000 JavaThread "Daemon health stats" [_thread_blocked, id=3184, stack(0x000000001acd0000,0x000000001add0000)]
  0x000000001643b000 JavaThread "Service Thread" daemon [_thread_blocked, id=9936, stack(0x0000000018130000,0x0000000018230000)]
  0x00000000163ee000 JavaThread "C1 CompilerThread2" daemon [_thread_blocked, id=8952, stack(0x0000000017c30000,0x0000000017d30000)]
  0x00000000163eb000 JavaThread "C2 CompilerThread1" daemon [_thread_in_vm, id=9984, stack(0x0000000017b30000,0x0000000017c30000)]
=>0x00000000163e5000 JavaThread "C2 CompilerThread0" daemon [_thread_in_native, id=3244, stack(0x0000000017a30000,0x0000000017b30000)]
  0x00000000163e3800 JavaThread "Attach Listener" daemon [_thread_blocked, id=1304, stack(0x0000000017930000,0x0000000017a30000)]
  0x00000000163e0800 JavaThread "Signal Dispatcher" daemon [_thread_blocked, id=4948, stack(0x0000000017830000,0x0000000017930000)]
  0x0000000002a0a000 JavaThread "Finalizer" daemon [_thread_blocked, id=9116, stack(0x0000000017630000,0x0000000017730000)]
  0x0000000002a01000 JavaThread "Reference Handler" daemon [_thread_blocked, id=10080, stack(0x0000000017530000,0x0000000017630000)]
  0x0000000002910800 JavaThread "main" [_thread_blocked, id=7428, stack(0x00000000027f0000,0x00000000028f0000)]

Other Threads:
  0x00000000163a6000 VMThread [stack: 0x0000000017430000,0x0000000017530000] [id=9296]
  0x000000001643d000 WatcherThread [stack: 0x0000000018230000,0x0000000018330000] [id=9728]

VM state:not at safepoint (normal execution)

VM Mutex/Monitor currently owned by a thread: None

heap address: 0x00000000a0000000, size: 1536 MB, Compressed Oops mode: 32-bit
Narrow klass base: 0x0000000000000000, Narrow klass shift: 3
Compressed class space size: 1073741824 Address: 0x0000000100000000

Heap:
 PSYoungGen      total 270848K, used 95763K [0x00000000e0000000, 0x00000000f3380000, 0x0000000100000000)
  eden space 239104K, 26% used [0x00000000e0000000,0x00000000e3e85140,0x00000000ee980000)
  from space 31744K, 99% used [0x00000000ef200000,0x00000000f10ffe18,0x00000000f1100000)
  to   space 35328K, 0% used [0x00000000f1100000,0x00000000f1100000,0x00000000f3380000)
 ParOldGen       total 134656K, used 69576K [0x00000000a0000000, 0x00000000a8380000, 0x00000000e0000000)
  object space 134656K, 51% used [0x00000000a0000000,0x00000000a43f22c8,0x00000000a8380000)
 Metaspace       used 87249K, capacity 91576K, committed 91608K, reserved 1128448K
  class space    used 11600K, capacity 12534K, committed 12544K, reserved 1048576K

Card table byte_map: [0x0000000011e30000,0x0000000012140000] byte_map_base: 0x0000000011930000

Marking Bits: (ParMarkBitMap*) 0x000000007610f030
 Begin Bits: [0x0000000012740000, 0x0000000013f40000)
 End Bits:   [0x0000000013f40000, 0x0000000015740000)

Polling page: 0x0000000000bf0000

CodeCache: size=245760Kb used=39329Kb max_used=39329Kb free=206430Kb
 bounds [0x0000000002a70000, 0x0000000005110000, 0x0000000011a70000]
 total_blobs=12311 nmethods=11474 adapters=749
 compilation: enabled

Compilation events (10 events):
Event: 1820.253 Thread 0x00000000163ee000 13339       3       com.android.zipflinger.CentralDirectoryRecord::write (228 bytes)
Event: 1820.255 Thread 0x00000000163ee000 nmethod 13339 0x00000000050fce90 code [0x00000000050fd200, 0x00000000050fec88]
Event: 1820.256 Thread 0x00000000163ee000 13340       3       com.android.zipflinger.CentralDirectoryRecord::buildExtraField (77 bytes)
Event: 1820.256 Thread 0x00000000163ee000 nmethod 13340 0x00000000050ff790 code [0x00000000050ff9c0, 0x0000000005100598]
Event: 1820.274 Thread 0x00000000163ee000 13342       3       com.android.ide.common.symbols.SymbolListWithPackageNameWriter::symbol (51 bytes)
Event: 1820.277 Thread 0x00000000163ee000 nmethod 13342 0x0000000005100990 code [0x0000000005100b60, 0x0000000005101198]
Event: 1820.283 Thread 0x00000000163ee000 13346       3       com.android.ide.common.symbols.SymbolListWithPackageNameWriter::child (26 bytes)
Event: 1820.284 Thread 0x00000000163ee000 nmethod 13346 0x0000000005101410 code [0x00000000051015a0, 0x0000000005101968]
Event: 1820.297 Thread 0x00000000163ee000 13347       3       sun.nio.fs.WindowsPathParser::isSlash (18 bytes)
Event: 1820.298 Thread 0x00000000163ee000 nmethod 13347 0x0000000005101ad0 code [0x0000000005101c20, 0x0000000005101df0]

GC Heap History (10 events):
Event: 22.494 GC heap before
{Heap before GC invocations=16 (full 3):
 PSYoungGen      total 190976K, used 173568K [0x00000000e0000000, 0x00000000ee100000, 0x0000000100000000)
  eden space 173568K, 100% used [0x00000000e0000000,0x00000000ea980000,0x00000000ea980000)
  from space 17408K, 0% used [0x00000000ebc80000,0x00000000ebc80000,0x00000000ecd80000)
  to   space 19456K, 0% used [0x00000000ea980000,0x00000000ea980000,0x00000000ebc80000)
 ParOldGen       total 134656K, used 36738K [0x00000000a0000000, 0x00000000a8380000, 0x00000000e0000000)
  object space 134656K, 27% used [0x00000000a0000000,0x00000000a23e0980,0x00000000a8380000)
 Metaspace       used 64720K, capacity 67606K, committed 67928K, reserved 1107968K
  class space    used 8944K, capacity 9487K, committed 9600K, reserved 1048576K
Event: 22.528 GC heap after
Heap after GC invocations=16 (full 3):
 PSYoungGen      total 193024K, used 14689K [0x00000000e0000000, 0x00000000ef680000, 0x0000000100000000)
  eden space 173568K, 0% used [0x00000000e0000000,0x00000000e0000000,0x00000000ea980000)
  from space 19456K, 75% used [0x00000000ea980000,0x00000000eb7d8450,0x00000000ebc80000)
  to   space 20480K, 0% used [0x00000000ee280000,0x00000000ee280000,0x00000000ef680000)
 ParOldGen       total 134656K, used 36738K [0x00000000a0000000, 0x00000000a8380000, 0x00000000e0000000)
  object space 134656K, 27% used [0x00000000a0000000,0x00000000a23e0980,0x00000000a8380000)
 Metaspace       used 64720K, capacity 67606K, committed 67928K, reserved 1107968K
  class space    used 8944K, capacity 9487K, committed 9600K, reserved 1048576K
}
Event: 26.130 GC heap before
{Heap before GC invocations=17 (full 3):
 PSYoungGen      total 193024K, used 188257K [0x00000000e0000000, 0x00000000ef680000, 0x0000000100000000)
  eden space 173568K, 100% used [0x00000000e0000000,0x00000000ea980000,0x00000000ea980000)
  from space 19456K, 75% used [0x00000000ea980000,0x00000000eb7d8450,0x00000000ebc80000)
  to   space 20480K, 0% used [0x00000000ee280000,0x00000000ee280000,0x00000000ef680000)
 ParOldGen       total 134656K, used 36738K [0x00000000a0000000, 0x00000000a8380000, 0x00000000e0000000)
  object space 134656K, 27% used [0x00000000a0000000,0x00000000a23e0980,0x00000000a8380000)
 Metaspace       used 70754K, capacity 74232K, committed 74456K, reserved 1114112K
  class space    used 9744K, capacity 10441K, committed 10496K, reserved 1048576K
Event: 26.187 GC heap after
Heap after GC invocations=17 (full 3):
 PSYoungGen      total 228352K, used 20463K [0x00000000e0000000, 0x00000000eff80000, 0x0000000100000000)
  eden space 207872K, 0% used [0x00000000e0000000,0x00000000e0000000,0x00000000ecb00000)
  from space 20480K, 99% used [0x00000000ee280000,0x00000000ef67bf80,0x00000000ef680000)
  to   space 24064K, 0% used [0x00000000ecb00000,0x00000000ecb00000,0x00000000ee280000)
 ParOldGen       total 134656K, used 39519K [0x00000000a0000000, 0x00000000a8380000, 0x00000000e0000000)
  object space 134656K, 29% used [0x00000000a0000000,0x00000000a2697d00,0x00000000a8380000)
 Metaspace       used 70754K, capacity 74232K, committed 74456K, reserved 1114112K
  class space    used 9744K, capacity 10441K, committed 10496K, reserved 1048576K
}
Event: 1804.671 GC heap before
{Heap before GC invocations=18 (full 3):
 PSYoungGen      total 228352K, used 228335K [0x00000000e0000000, 0x00000000eff80000, 0x0000000100000000)
  eden space 207872K, 100% used [0x00000000e0000000,0x00000000ecb00000,0x00000000ecb00000)
  from space 20480K, 99% used [0x00000000ee280000,0x00000000ef67bf80,0x00000000ef680000)
  to   space 24064K, 0% used [0x00000000ecb00000,0x00000000ecb00000,0x00000000ee280000)
 ParOldGen       total 134656K, used 39519K [0x00000000a0000000, 0x00000000a8380000, 0x00000000e0000000)
  object space 134656K, 29% used [0x00000000a0000000,0x00000000a2697d00,0x00000000a8380000)
 Metaspace       used 80634K, capacity 84630K, committed 84824K, reserved 1122304K
  class space    used 10801K, capacity 11645K, committed 11648K, reserved 1048576K
Event: 1805.382 GC heap after
Heap after GC invocations=18 (full 3):
 PSYoungGen      total 231936K, used 24042K [0x00000000e0000000, 0x00000000f3000000, 0x0000000100000000)
  eden space 207872K, 0% used [0x00000000e0000000,0x00000000e0000000,0x00000000ecb00000)
  from space 24064K, 99% used [0x00000000ecb00000,0x00000000ee27a928,0x00000000ee280000)
  to   space 31744K, 0% used [0x00000000f1100000,0x00000000f1100000,0x00000000f3000000)
 ParOldGen       total 134656K, used 50784K [0x00000000a0000000, 0x00000000a8380000, 0x00000000e0000000)
  object space 134656K, 37% used [0x00000000a0000000,0x00000000a31982a8,0x00000000a8380000)
 Metaspace       used 80634K, capacity 84630K, committed 84824K, reserved 1122304K
  class space    used 10801K, capacity 11645K, committed 11648K, reserved 1048576K
}
Event: 1812.367 GC heap before
{Heap before GC invocations=19 (full 3):
 PSYoungGen      total 231936K, used 231865K [0x00000000e0000000, 0x00000000f3000000, 0x0000000100000000)
  eden space 207872K, 99% used [0x00000000e0000000,0x00000000ecaf3e58,0x00000000ecb00000)
  from space 24064K, 99% used [0x00000000ecb00000,0x00000000ee27a928,0x00000000ee280000)
  to   space 31744K, 0% used [0x00000000f1100000,0x00000000f1100000,0x00000000f3000000)
 ParOldGen       total 134656K, used 50784K [0x00000000a0000000, 0x00000000a8380000, 0x00000000e0000000)
  object space 134656K, 37% used [0x00000000a0000000,0x00000000a31982a8,0x00000000a8380000)
 Metaspace       used 83128K, capacity 87286K, committed 87640K, reserved 1124352K
  class space    used 11116K, capacity 12039K, committed 12160K, reserved 1048576K
Event: 1812.442 GC heap after
Heap after GC invocations=19 (full 3):
 PSYoungGen      total 279552K, used 17724K [0x00000000e0000000, 0x00000000f3100000, 0x0000000100000000)
  eden space 247808K, 0% used [0x00000000e0000000,0x00000000e0000000,0x00000000ef200000)
  from space 31744K, 55% used [0x00000000f1100000,0x00000000f224f358,0x00000000f3000000)
  to   space 31744K, 0% used [0x00000000ef200000,0x00000000ef200000,0x00000000f1100000)
 ParOldGen       total 134656K, used 65452K [0x00000000a0000000, 0x00000000a8380000, 0x00000000e0000000)
  object space 134656K, 48% used [0x00000000a0000000,0x00000000a3feb040,0x00000000a8380000)
 Metaspace       used 83128K, capacity 87286K, committed 87640K, reserved 1124352K
  class space    used 11116K, capacity 12039K, committed 12160K, reserved 1048576K
}
Event: 1819.782 GC heap before
{Heap before GC invocations=20 (full 3):
 PSYoungGen      total 279552K, used 265532K [0x00000000e0000000, 0x00000000f3100000, 0x0000000100000000)
  eden space 247808K, 100% used [0x00000000e0000000,0x00000000ef200000,0x00000000ef200000)
  from space 31744K, 55% used [0x00000000f1100000,0x00000000f224f358,0x00000000f3000000)
  to   space 31744K, 0% used [0x00000000ef200000,0x00000000ef200000,0x00000000f1100000)
 ParOldGen       total 134656K, used 65452K [0x00000000a0000000, 0x00000000a8380000, 0x00000000e0000000)
  object space 134656K, 48% used [0x00000000a0000000,0x00000000a3feb040,0x00000000a8380000)
 Metaspace       used 86740K, capacity 90968K, committed 91096K, reserved 1128448K
  class space    used 11568K, capacity 12502K, committed 12544K, reserved 1048576K
Event: 1819.830 GC heap after
Heap after GC invocations=20 (full 3):
 PSYoungGen      total 270848K, used 31743K [0x00000000e0000000, 0x00000000f3380000, 0x0000000100000000)
  eden space 239104K, 0% used [0x00000000e0000000,0x00000000e0000000,0x00000000ee980000)
  from space 31744K, 99% used [0x00000000ef200000,0x00000000f10ffe18,0x00000000f1100000)
  to   space 35328K, 0% used [0x00000000f1100000,0x00000000f1100000,0x00000000f3380000)
 ParOldGen       total 134656K, used 69576K [0x00000000a0000000, 0x00000000a8380000, 0x00000000e0000000)
  object space 134656K, 51% used [0x00000000a0000000,0x00000000a43f22c8,0x00000000a8380000)
 Metaspace       used 86740K, capacity 90968K, committed 91096K, reserved 1128448K
  class space    used 11568K, capacity 12502K, committed 12544K, reserved 1048576K
}

Deoptimization events (10 events):
Event: 1819.998 Thread 0x00000000190d6000 Uncommon trap: reason=unstable_if action=reinterpret pc=0x0000000005084e40 method=org.objectweb.asm.ByteVector.putShort(I)Lorg/objectweb/asm/ByteVector; @ 13
Event: 1820.131 Thread 0x00000000190d6000 Uncommon trap: reason=unstable_if action=reinterpret pc=0x00000000050c7e44 method=org.objectweb.asm.MethodWriter.visitLdcInsn(Ljava/lang/Object;)V @ 104
Event: 1820.286 Thread 0x00000000190d6000 Uncommon trap: reason=unstable_if action=reinterpret pc=0x0000000002da7f40 method=java.nio.Buffer.limit(I)Ljava/nio/Buffer; @ 33
Event: 1820.294 Thread 0x00000000190d6000 Uncommon trap: reason=unstable_if action=reinterpret pc=0x00000000045465ac method=sun.nio.fs.WindowsPathParser.isSlash(C)Z @ 9
Event: 1820.297 Thread 0x00000000190d6000 Uncommon trap: reason=unstable_if action=reinterpret pc=0x00000000036d9ecc method=sun.nio.fs.WindowsPathParser.isSlash(C)Z @ 9
Event: 1820.297 Thread 0x00000000190d6000 Uncommon trap: reason=unstable_if action=reinterpret pc=0x0000000002d79fb8 method=sun.nio.fs.WindowsPathParser.isSlash(C)Z @ 9
Event: 1820.302 Thread 0x00000000190d6000 Uncommon trap: reason=class_check action=maybe_recompile pc=0x0000000004c3eb70 method=com.google.gson.stream.JsonWriter.newline()V @ 14
Event: 1820.302 Thread 0x00000000190d6000 Uncommon trap: reason=class_check action=maybe_recompile pc=0x0000000004c3eb70 method=com.google.gson.stream.JsonWriter.newline()V @ 14
Event: 1820.302 Thread 0x00000000190d6000 Uncommon trap: reason=class_check action=maybe_recompile pc=0x0000000004c3eb70 method=com.google.gson.stream.JsonWriter.newline()V @ 14
Event: 1820.303 Thread 0x00000000190d6000 Uncommon trap: reason=class_check action=maybe_recompile pc=0x0000000004c3eb70 method=com.google.gson.stream.JsonWriter.newline()V @ 14

Classes redefined (0 events):
No events

Internal exceptions (10 events):
Event: 1814.880 Thread 0x000000001d62b800 Implicit null exception at 0x0000000002ca2d9f to 0x0000000002ca3079
Event: 1815.573 Thread 0x00000000190cb800 Exception <a 'java/lang/NoSuchMethodError': java.lang.Object.lambda$comparingByKey$bbdbfea9$1(Ljava/util/Map$Entry;Ljava/util/Map$Entry;)I> (0x00000000ea081ca0) thrown at [C:\src\AOSP-openjdk-git\hotspot\src\share\vm\interpreter\linkResolver.cpp, line 620
Event: 1816.230 Thread 0x00000000190cb800 Exception <a 'java/lang/NoSuchMethodError': <clinit>> (0x00000000ed23cb78) thrown at [C:\src\AOSP-openjdk-git\hotspot\src\share\vm\prims\jni.cpp, line 1615]
Event: 1816.235 Thread 0x00000000190cb800 Exception <a 'java/lang/NoSuchMethodError': <clinit>> (0x00000000ed25b8c8) thrown at [C:\src\AOSP-openjdk-git\hotspot\src\share\vm\prims\jni.cpp, line 1615]
Event: 1816.236 Thread 0x00000000190cb800 Implicit null exception at 0x000000000460eed3 to 0x0000000004610551
Event: 1816.238 Thread 0x00000000190cb800 Implicit null exception at 0x00000000032a5391 to 0x00000000032a5491
Event: 1816.254 Thread 0x00000000190cb800 Exception <a 'java/lang/NoSuchMethodError': <clinit>> (0x00000000ed2f8b98) thrown at [C:\src\AOSP-openjdk-git\hotspot\src\share\vm\prims\jni.cpp, line 1615]
Event: 1819.935 Thread 0x00000000190d6000 Exception <a 'sun/nio/fs/WindowsException'> (0x00000000e0fdd518) thrown at [C:\src\AOSP-openjdk-git\hotspot\src\share\vm\prims\jni.cpp, line 710]
Event: 1819.938 Thread 0x00000000190d6000 Exception <a 'sun/nio/fs/WindowsException'> (0x00000000e0ffc488) thrown at [C:\src\AOSP-openjdk-git\hotspot\src\share\vm\prims\jni.cpp, line 710]
Event: 1819.938 Thread 0x00000000190d6000 Exception <a 'sun/nio/fs/WindowsException'> (0x00000000e0ffc930) thrown at [C:\src\AOSP-openjdk-git\hotspot\src\share\vm\prims\jni.cpp, line 710]

Events (10 events):
Event: 1820.302 Thread 0x00000000190d6000 DEOPT UNPACKING pc=0x0000000002ab557b sp=0x000000002c05dbf8 mode 2
Event: 1820.302 Thread 0x00000000190d6000 Uncommon trap: trap_request=0xffffffde fr.pc=0x0000000004c3eb70
Event: 1820.302 Thread 0x00000000190d6000 DEOPT PACKING pc=0x0000000004c3eb70 sp=0x000000002c05dbe0
Event: 1820.302 Thread 0x00000000190d6000 DEOPT UNPACKING pc=0x0000000002ab557b sp=0x000000002c05dbd8 mode 2
Event: 1820.302 Thread 0x00000000190d6000 Uncommon trap: trap_request=0xffffffde fr.pc=0x0000000004c3eb70
Event: 1820.302 Thread 0x00000000190d6000 DEOPT PACKING pc=0x0000000004c3eb70 sp=0x000000002c05dbe0
Event: 1820.302 Thread 0x00000000190d6000 DEOPT UNPACKING pc=0x0000000002ab557b sp=0x000000002c05dbd8 mode 2
Event: 1820.303 Thread 0x00000000190d6000 Uncommon trap: trap_request=0xffffffde fr.pc=0x0000000004c3eb70
Event: 1820.303 Thread 0x00000000190d6000 DEOPT PACKING pc=0x0000000004c3eb70 sp=0x000000002c05dbe0
Event: 1820.303 Thread 0x00000000190d6000 DEOPT UNPACKING pc=0x0000000002ab557b sp=0x000000002c05dbd8 mode 2


Dynamic libraries:
0x00007ff68f310000 - 0x00007ff68f341000 	D:\Program Files\jre\bin\java.exe
0x00007ffa59a40000 - 0x00007ffa59c30000 	C:\WINDOWS\SYSTEM32\ntdll.dll
0x00007ffa59790000 - 0x00007ffa59842000 	C:\WINDOWS\System32\KERNEL32.DLL
0x00007ffa56d10000 - 0x00007ffa56fb5000 	C:\WINDOWS\System32\KERNELBASE.dll
0x00007ffa57c90000 - 0x00007ffa57d33000 	C:\WINDOWS\System32\ADVAPI32.dll
0x00007ffa57b80000 - 0x00007ffa57c1e000 	C:\WINDOWS\System32\msvcrt.dll
0x00007ffa58080000 - 0x00007ffa58117000 	C:\WINDOWS\System32\sechost.dll
0x00007ffa598b0000 - 0x00007ffa599d0000 	C:\WINDOWS\System32\RPCRT4.dll
0x00007ffa587f0000 - 0x00007ffa58984000 	C:\WINDOWS\System32\USER32.dll
0x00007ffa56fc0000 - 0x00007ffa56fe1000 	C:\WINDOWS\System32\win32u.dll
0x00007ffa599d0000 - 0x00007ffa599f6000 	C:\WINDOWS\System32\GDI32.dll
0x00007ffa57050000 - 0x00007ffa571e6000 	C:\WINDOWS\System32\gdi32full.dll
0x00007ffa56c70000 - 0x00007ffa56d0e000 	C:\WINDOWS\System32\msvcp_win.dll
0x00007ffa56ac0000 - 0x00007ffa56bba000 	C:\WINDOWS\System32\ucrtbase.dll
0x00007ffa47ed0000 - 0x00007ffa48154000 	C:\WINDOWS\WinSxS\amd64_microsoft.windows.common-controls_6595b64144ccf1df_6.0.18362.1139_none_9e7bf2d3e4605ac6\COMCTL32.dll
0x00007ffa57d40000 - 0x00007ffa58075000 	C:\WINDOWS\System32\combase.dll
0x00007ffa569d0000 - 0x00007ffa56a50000 	C:\WINDOWS\System32\bcryptPrimitives.dll
0x00007ffa585a0000 - 0x00007ffa585ce000 	C:\WINDOWS\System32\IMM32.DLL
0x0000000075860000 - 0x0000000075932000 	D:\Program Files\jre\jre\bin\msvcr100.dll
0x0000000075940000 - 0x000000007618b000 	D:\Program Files\jre\jre\bin\server\jvm.dll
0x00007ffa57af0000 - 0x00007ffa57af8000 	C:\WINDOWS\System32\PSAPI.DLL
0x00007ffa4ae30000 - 0x00007ffa4ae39000 	C:\WINDOWS\SYSTEM32\WSOCK32.dll
0x00007ffa59030000 - 0x00007ffa5909f000 	C:\WINDOWS\System32\WS2_32.dll
0x00007ffa54920000 - 0x00007ffa54944000 	C:\WINDOWS\SYSTEM32\WINMM.dll
0x00007ffa544a0000 - 0x00007ffa544cd000 	C:\WINDOWS\SYSTEM32\WINMMBASE.dll
0x00007ffa4a110000 - 0x00007ffa4a11a000 	C:\WINDOWS\SYSTEM32\VERSION.dll
0x00007ffa56a50000 - 0x00007ffa56a9a000 	C:\WINDOWS\System32\cfgmgr32.dll
0x00007ffa53260000 - 0x00007ffa5326f000 	D:\Program Files\jre\jre\bin\verify.dll
0x00007ffa53230000 - 0x00007ffa53259000 	D:\Program Files\jre\jre\bin\java.dll
0x00007ffa53210000 - 0x00007ffa53226000 	D:\Program Files\jre\jre\bin\zip.dll
0x00007ffa590a0000 - 0x00007ffa59787000 	C:\WINDOWS\System32\SHELL32.dll
0x00007ffa58990000 - 0x00007ffa58a39000 	C:\WINDOWS\System32\shcore.dll
0x00007ffa571f0000 - 0x00007ffa57970000 	C:\WINDOWS\System32\windows.storage.dll
0x00007ffa569a0000 - 0x00007ffa569c3000 	C:\WINDOWS\System32\profapi.dll
0x00007ffa56950000 - 0x00007ffa5699a000 	C:\WINDOWS\System32\powrprof.dll
0x00007ffa56900000 - 0x00007ffa56910000 	C:\WINDOWS\System32\UMPDC.dll
0x00007ffa58d70000 - 0x00007ffa58dc2000 	C:\WINDOWS\System32\shlwapi.dll
0x00007ffa56930000 - 0x00007ffa56941000 	C:\WINDOWS\System32\kernel.appcore.dll
0x00007ffa56aa0000 - 0x00007ffa56ab7000 	C:\WINDOWS\System32\cryptsp.dll
0x00007ffa51600000 - 0x00007ffa5161a000 	D:\Program Files\jre\jre\bin\net.dll
0x00007ffa560f0000 - 0x00007ffa56157000 	C:\WINDOWS\system32\mswsock.dll
0x00007ffa4bfe0000 - 0x00007ffa4bff3000 	D:\Program Files\jre\jre\bin\nio.dll
0x00007ffa46a30000 - 0x00007ffa46a57000 	C:\Users\AgamiSoft\.gradle\native\f6784746aeab05261644944871eae4fe03e0ef1612fff0a4a95f87b438bc6780\windows-amd64\native-platform.dll
0x00007ffa53130000 - 0x00007ffa5313d000 	D:\Program Files\jre\jre\bin\management.dll
0x00007ffa55c60000 - 0x00007ffa55c93000 	C:\WINDOWS\system32\rsaenh.dll
0x00007ffa57ac0000 - 0x00007ffa57ae6000 	C:\WINDOWS\System32\bcrypt.dll
0x00007ffa567e0000 - 0x00007ffa56805000 	C:\WINDOWS\SYSTEM32\USERENV.dll
0x00007ffa562c0000 - 0x00007ffa562cc000 	C:\WINDOWS\SYSTEM32\CRYPTBASE.dll
0x00007ffa55e00000 - 0x00007ffa55e3a000 	C:\WINDOWS\SYSTEM32\IPHLPAPI.DLL
0x00007ffa58b10000 - 0x00007ffa58b18000 	C:\WINDOWS\System32\NSI.dll
0x00007ffa4f990000 - 0x00007ffa4f9a6000 	C:\WINDOWS\SYSTEM32\dhcpcsvc6.DLL
0x00007ffa4f650000 - 0x00007ffa4f66c000 	C:\WINDOWS\SYSTEM32\dhcpcsvc.DLL
0x00007ffa55e40000 - 0x00007ffa55f0b000 	C:\WINDOWS\SYSTEM32\DNSAPI.dll
0x00007ffa4fa80000 - 0x00007ffa4fa8b000 	C:\WINDOWS\SYSTEM32\WINNSI.DLL

VM Arguments:
jvm_args: -Xmx1536m -Dfile.encoding=windows-1252 -Duser.country=US -Duser.language=en -Duser.variant 
java_command: org.gradle.launcher.daemon.bootstrap.GradleDaemon 6.5
java_class_path (initial): C:\Users\AgamiSoft\.gradle\wrapper\dists\gradle-6.5-all\2oz4ud9k3tuxjg84bbf55q0tn\gradle-6.5\lib\gradle-launcher-6.5.jar
Launcher Type: SUN_STANDARD

Environment Variables:
PATH=C:\WINDOWS\system32;C:\WINDOWS;C:\WINDOWS\System32\Wbem;C:\WINDOWS\System32\WindowsPowerShell\v1.0\;C:\WINDOWS\System32\OpenSSH\;C:\Program Files\Git\cmd;C:\Users\AgamiSoft\AppData\Local\Microsoft\WindowsApps;
USERNAME=AgamiSoft
OS=Windows_NT
PROCESSOR_IDENTIFIER=Intel64 Family 6 Model 42 Stepping 7, GenuineIntel



---------------  S Y S T E M  ---------------

OS: Windows 10.0 , 64 bit Build 18362 (10.0.18362.1110)

CPU:total 4 (initial active 4) (2 cores per cpu, 2 threads per core) family 6 model 42 stepping 7, cmov, cx8, fxsr, mmx, sse, sse2, sse3, ssse3, sse4.1, sse4.2, popcnt, avx, clmul, ht, tsc, tscinvbit

Memory: 4k page, physical 8286288k(320576k free), swap 13465164k(4812k free)

vm_info: OpenJDK 64-Bit Server VM (25.242-b01) for windows-amd64 JRE (1.8.0_242-release-1644-b01), built by "builder" with MS VC++ 10.0 (VS2010)

time: Sun Nov 08 18:36:35 2020
timezone: Bangladesh Standard Time
elapsed time: 1820 seconds (0d 0h 30m 20s)

